{"/Users/renaldohake/Desktop/Task/Backend/server.js": {"path":"/Users/renaldohake/Desktop/Task/Backend/server.js","statementMap":{"0":{"start":{"line":4,"column":16},"end":{"line":4,"column":34}},"1":{"start":{"line":6,"column":15},"end":{"line":6,"column":32}},"2":{"start":{"line":7,"column":19},"end":{"line":7,"column":41}},"3":{"start":{"line":9,"column":15},"end":{"line":9,"column":34}},"4":{"start":{"line":12,"column":12},"end":{"line":12,"column":21}},"5":{"start":{"line":16,"column":0},"end":{"line":16,"column":50}},"6":{"start":{"line":17,"column":0},"end":{"line":17,"column":26}},"7":{"start":{"line":20,"column":0},"end":{"line":20,"column":23}},"8":{"start":{"line":23,"column":0},"end":{"line":23,"column":21}},"9":{"start":{"line":26,"column":13},"end":{"line":26,"column":17}},"10":{"start":{"line":27,"column":0},"end":{"line":27,"column":64}},"11":{"start":{"line":27,"column":23},"end":{"line":27,"column":62}},"12":{"start":{"line":29,"column":0},"end":{"line":29,"column":21}}},"fnMap":{"0":{"name":"(anonymous_0)","decl":{"start":{"line":27,"column":17},"end":{"line":27,"column":18}},"loc":{"start":{"line":27,"column":23},"end":{"line":27,"column":62}},"line":27}},"branchMap":{},"s":{"0":1,"1":1,"2":1,"3":1,"4":1,"5":1,"6":1,"7":1,"8":1,"9":1,"10":1,"11":1,"12":1},"f":{"0":1},"b":{},"_coverageSchema":"1a1c01bbd47fc00a2c39e90264f33305004495a9","hash":"9ea364ebd3f2fe96b69a97b3af5200b872e95e52"}
,"/Users/renaldohake/Desktop/Task/Backend/routes/index.js": {"path":"/Users/renaldohake/Desktop/Task/Backend/routes/index.js","statementMap":{"0":{"start":{"line":2,"column":16},"end":{"line":2,"column":34}},"1":{"start":{"line":3,"column":15},"end":{"line":3,"column":31}},"2":{"start":{"line":4,"column":11},"end":{"line":4,"column":24}},"3":{"start":{"line":7,"column":16},"end":{"line":7,"column":68}},"4":{"start":{"line":9,"column":19},"end":{"line":11,"column":1}},"5":{"start":{"line":10,"column":4},"end":{"line":10,"column":50}},"6":{"start":{"line":13,"column":0},"end":{"line":13,"column":21}},"7":{"start":{"line":16,"column":0},"end":{"line":18,"column":2}},"8":{"start":{"line":17,"column":4},"end":{"line":17,"column":22}},"9":{"start":{"line":21,"column":0},"end":{"line":38,"column":2}},"10":{"start":{"line":22,"column":15},"end":{"line":22,"column":27}},"11":{"start":{"line":23,"column":23},"end":{"line":23,"column":52}},"12":{"start":{"line":25,"column":4},"end":{"line":25,"column":29}},"13":{"start":{"line":28,"column":4},"end":{"line":31,"column":7}},"14":{"start":{"line":29,"column":8},"end":{"line":29,"column":27}},"15":{"start":{"line":29,"column":17},"end":{"line":29,"column":27}},"16":{"start":{"line":30,"column":8},"end":{"line":30,"column":37}},"17":{"start":{"line":34,"column":4},"end":{"line":37,"column":7}},"18":{"start":{"line":41,"column":0},"end":{"line":61,"column":2}},"19":{"start":{"line":42,"column":15},"end":{"line":42,"column":36}},"20":{"start":{"line":44,"column":4},"end":{"line":48,"column":5}},"21":{"start":{"line":44,"column":16},"end":{"line":44,"column":17}},"22":{"start":{"line":45,"column":8},"end":{"line":47,"column":9}},"23":{"start":{"line":46,"column":12},"end":{"line":46,"column":33}},"24":{"start":{"line":51,"column":4},"end":{"line":54,"column":7}},"25":{"start":{"line":52,"column":8},"end":{"line":52,"column":27}},"26":{"start":{"line":52,"column":17},"end":{"line":52,"column":27}},"27":{"start":{"line":53,"column":8},"end":{"line":53,"column":37}},"28":{"start":{"line":57,"column":4},"end":{"line":60,"column":7}},"29":{"start":{"line":64,"column":0},"end":{"line":64,"column":24}}},"fnMap":{"0":{"name":"(anonymous_0)","decl":{"start":{"line":9,"column":19},"end":{"line":9,"column":20}},"loc":{"start":{"line":9,"column":25},"end":{"line":11,"column":1}},"line":9},"1":{"name":"(anonymous_1)","decl":{"start":{"line":16,"column":19},"end":{"line":16,"column":20}},"loc":{"start":{"line":16,"column":33},"end":{"line":18,"column":1}},"line":16},"2":{"name":"(anonymous_2)","decl":{"start":{"line":21,"column":23},"end":{"line":21,"column":24}},"loc":{"start":{"line":21,"column":37},"end":{"line":38,"column":1}},"line":21},"3":{"name":"(anonymous_3)","decl":{"start":{"line":28,"column":65},"end":{"line":28,"column":66}},"loc":{"start":{"line":28,"column":74},"end":{"line":31,"column":5}},"line":28},"4":{"name":"(anonymous_4)","decl":{"start":{"line":41,"column":29},"end":{"line":41,"column":30}},"loc":{"start":{"line":41,"column":43},"end":{"line":61,"column":1}},"line":41},"5":{"name":"(anonymous_5)","decl":{"start":{"line":51,"column":65},"end":{"line":51,"column":66}},"loc":{"start":{"line":51,"column":74},"end":{"line":54,"column":5}},"line":51}},"branchMap":{"0":{"loc":{"start":{"line":29,"column":8},"end":{"line":29,"column":27}},"type":"if","locations":[{"start":{"line":29,"column":8},"end":{"line":29,"column":27}},{"start":{},"end":{}}],"line":29},"1":{"loc":{"start":{"line":45,"column":8},"end":{"line":47,"column":9}},"type":"if","locations":[{"start":{"line":45,"column":8},"end":{"line":47,"column":9}},{"start":{},"end":{}}],"line":45},"2":{"loc":{"start":{"line":52,"column":8},"end":{"line":52,"column":27}},"type":"if","locations":[{"start":{"line":52,"column":8},"end":{"line":52,"column":27}},{"start":{},"end":{}}],"line":52}},"s":{"0":1,"1":1,"2":1,"3":1,"4":1,"5":0,"6":1,"7":1,"8":1,"9":1,"10":0,"11":0,"12":0,"13":0,"14":0,"15":0,"16":0,"17":0,"18":1,"19":0,"20":0,"21":0,"22":0,"23":0,"24":0,"25":0,"26":0,"27":0,"28":0,"29":1},"f":{"0":0,"1":1,"2":0,"3":0,"4":0,"5":0},"b":{"0":[0,0],"1":[0,0],"2":[0,0]},"_coverageSchema":"1a1c01bbd47fc00a2c39e90264f33305004495a9","hash":"1ed46e66c1ec04b82c386fe558e5655d110c32bf"}
}
